{"/Users/alvinlim/Desktop/RNTraining/BlogApp/src/typeDefinition.ts": {"path":"/Users/alvinlim/Desktop/RNTraining/BlogApp/src/typeDefinition.ts","statementMap":{},"fnMap":{},"branchMap":{},"s":{},"f":{},"b":{}}
,"/Users/alvinlim/Desktop/RNTraining/BlogApp/src/Components/BlogPostForm.tsx": {"path":"/Users/alvinlim/Desktop/RNTraining/BlogApp/src/Components/BlogPostForm.tsx","statementMap":{"0":{"start":{"line":4,"column":21},"end":{"line":39,"column":1}},"1":{"start":{"line":8,"column":28},"end":{"line":8,"column":64}},"2":{"start":{"line":9,"column":32},"end":{"line":9,"column":70}},"3":{"start":{"line":11,"column":2},"end":{"line":38,"column":4}},"4":{"start":{"line":18,"column":30},"end":{"line":18,"column":44}},"5":{"start":{"line":25,"column":33},"end":{"line":25,"column":52}},"6":{"start":{"line":31,"column":16},"end":{"line":31,"column":40}},"7":{"start":{"line":48,"column":14},"end":{"line":63,"column":2}}},"fnMap":{"0":{"name":"(anonymous_0)","decl":{"start":{"line":4,"column":21},"end":{"line":4,"column":22}},"loc":{"start":{"line":7,"column":6},"end":{"line":39,"column":1}},"line":7},"1":{"name":"(anonymous_1)","decl":{"start":{"line":18,"column":22},"end":{"line":18,"column":23}},"loc":{"start":{"line":18,"column":30},"end":{"line":18,"column":44}},"line":18},"2":{"name":"(anonymous_2)","decl":{"start":{"line":25,"column":22},"end":{"line":25,"column":23}},"loc":{"start":{"line":25,"column":33},"end":{"line":25,"column":52}},"line":25},"3":{"name":"(anonymous_3)","decl":{"start":{"line":31,"column":10},"end":{"line":31,"column":11}},"loc":{"start":{"line":31,"column":16},"end":{"line":31,"column":40}},"line":31}},"branchMap":{"0":{"loc":{"start":{"line":6,"column":2},"end":{"line":6,"column":56}},"type":"default-arg","locations":[{"start":{"line":6,"column":18},"end":{"line":6,"column":56}}],"line":6}},"s":{"0":2,"1":4,"2":4,"3":4,"4":1,"5":1,"6":1,"7":2},"f":{"0":4,"1":1,"2":1,"3":1},"b":{"0":[4]},"_coverageSchema":"1a1c01bbd47fc00a2c39e90264f33305004495a9","hash":"8e002601c94106516f50e6e1473b2238f8b0c6a0"}
,"/Users/alvinlim/Desktop/RNTraining/BlogApp/src/Screen/CreateScreen.tsx": {"path":"/Users/alvinlim/Desktop/RNTraining/BlogApp/src/Screen/CreateScreen.tsx","statementMap":{"0":{"start":{"line":7,"column":21},"end":{"line":21,"column":1}},"1":{"start":{"line":8,"column":24},"end":{"line":8,"column":43}},"2":{"start":{"line":9,"column":21},"end":{"line":9,"column":36}},"3":{"start":{"line":10,"column":2},"end":{"line":20,"column":4}},"4":{"start":{"line":13,"column":8},"end":{"line":13,"column":72}},"5":{"start":{"line":13,"column":42},"end":{"line":13,"column":70}},"6":{"start":{"line":23,"column":14},"end":{"line":23,"column":35}}},"fnMap":{"0":{"name":"(anonymous_0)","decl":{"start":{"line":7,"column":21},"end":{"line":7,"column":22}},"loc":{"start":{"line":7,"column":27},"end":{"line":21,"column":1}},"line":7},"1":{"name":"(anonymous_1)","decl":{"start":{"line":12,"column":16},"end":{"line":12,"column":17}},"loc":{"start":{"line":12,"column":36},"end":{"line":14,"column":7}},"line":12},"2":{"name":"(anonymous_2)","decl":{"start":{"line":13,"column":36},"end":{"line":13,"column":37}},"loc":{"start":{"line":13,"column":42},"end":{"line":13,"column":70}},"line":13}},"branchMap":{},"s":{"0":1,"1":0,"2":0,"3":0,"4":0,"5":0,"6":1},"f":{"0":0,"1":0,"2":0},"b":{},"_coverageSchema":"1a1c01bbd47fc00a2c39e90264f33305004495a9","hash":"843dc5efc3bbc871f2650fd9febc495a5ca8b6f9"}
,"/Users/alvinlim/Desktop/RNTraining/BlogApp/src/Screen/EditScreen.tsx": {"path":"/Users/alvinlim/Desktop/RNTraining/BlogApp/src/Screen/EditScreen.tsx","statementMap":{"0":{"start":{"line":6,"column":19},"end":{"line":24,"column":1}},"1":{"start":{"line":7,"column":13},"end":{"line":7,"column":29}},"2":{"start":{"line":8,"column":32},"end":{"line":8,"column":51}},"3":{"start":{"line":9,"column":19},"end":{"line":9,"column":61}},"4":{"start":{"line":9,"column":42},"end":{"line":9,"column":60}},"5":{"start":{"line":13,"column":2},"end":{"line":23,"column":4}},"6":{"start":{"line":20,"column":8},"end":{"line":20,"column":65}},"7":{"start":{"line":20,"column":47},"end":{"line":20,"column":63}},"8":{"start":{"line":26,"column":14},"end":{"line":26,"column":35}}},"fnMap":{"0":{"name":"(anonymous_0)","decl":{"start":{"line":6,"column":19},"end":{"line":6,"column":20}},"loc":{"start":{"line":6,"column":44},"end":{"line":24,"column":1}},"line":6},"1":{"name":"(anonymous_1)","decl":{"start":{"line":9,"column":30},"end":{"line":9,"column":31}},"loc":{"start":{"line":9,"column":42},"end":{"line":9,"column":60}},"line":9},"2":{"name":"(anonymous_2)","decl":{"start":{"line":19,"column":16},"end":{"line":19,"column":17}},"loc":{"start":{"line":19,"column":36},"end":{"line":21,"column":7}},"line":19},"3":{"name":"(anonymous_3)","decl":{"start":{"line":20,"column":41},"end":{"line":20,"column":42}},"loc":{"start":{"line":20,"column":47},"end":{"line":20,"column":63}},"line":20}},"branchMap":{},"s":{"0":1,"1":0,"2":0,"3":0,"4":0,"5":0,"6":0,"7":0,"8":1},"f":{"0":0,"1":0,"2":0,"3":0},"b":{},"_coverageSchema":"1a1c01bbd47fc00a2c39e90264f33305004495a9","hash":"bcec64339a8fa814d17a966e80449255a5b7ba51"}
,"/Users/alvinlim/Desktop/RNTraining/BlogApp/src/Screen/IndexScreen.tsx": {"path":"/Users/alvinlim/Desktop/RNTraining/BlogApp/src/Screen/IndexScreen.tsx","statementMap":{"0":{"start":{"line":7,"column":20},"end":{"line":46,"column":1}},"1":{"start":{"line":8,"column":47},"end":{"line":8,"column":66}},"2":{"start":{"line":9,"column":21},"end":{"line":9,"column":36}},"3":{"start":{"line":11,"column":2},"end":{"line":17,"column":9}},"4":{"start":{"line":12,"column":4},"end":{"line":12,"column":18}},"5":{"start":{"line":14,"column":4},"end":{"line":16,"column":7}},"6":{"start":{"line":15,"column":6},"end":{"line":15,"column":20}},"7":{"start":{"line":19,"column":2},"end":{"line":45,"column":4}},"8":{"start":{"line":24,"column":34},"end":{"line":24,"column":48}},"9":{"start":{"line":26,"column":10},"end":{"line":41,"column":12}},"10":{"start":{"line":29,"column":29},"end":{"line":29,"column":71}},"11":{"start":{"line":35,"column":33},"end":{"line":35,"column":56}},"12":{"start":{"line":58,"column":14},"end":{"line":72,"column":2}}},"fnMap":{"0":{"name":"(anonymous_0)","decl":{"start":{"line":7,"column":20},"end":{"line":7,"column":21}},"loc":{"start":{"line":7,"column":26},"end":{"line":46,"column":1}},"line":7},"1":{"name":"(anonymous_1)","decl":{"start":{"line":11,"column":12},"end":{"line":11,"column":13}},"loc":{"start":{"line":11,"column":18},"end":{"line":17,"column":3}},"line":11},"2":{"name":"(anonymous_2)","decl":{"start":{"line":14,"column":36},"end":{"line":14,"column":37}},"loc":{"start":{"line":14,"column":42},"end":{"line":16,"column":5}},"line":14},"3":{"name":"(anonymous_3)","decl":{"start":{"line":24,"column":22},"end":{"line":24,"column":23}},"loc":{"start":{"line":24,"column":34},"end":{"line":24,"column":48}},"line":24},"4":{"name":"(anonymous_4)","decl":{"start":{"line":25,"column":20},"end":{"line":25,"column":21}},"loc":{"start":{"line":25,"column":32},"end":{"line":42,"column":9}},"line":25},"5":{"name":"(anonymous_5)","decl":{"start":{"line":29,"column":23},"end":{"line":29,"column":24}},"loc":{"start":{"line":29,"column":29},"end":{"line":29,"column":71}},"line":29},"6":{"name":"(anonymous_6)","decl":{"start":{"line":35,"column":27},"end":{"line":35,"column":28}},"loc":{"start":{"line":35,"column":33},"end":{"line":35,"column":56}},"line":35}},"branchMap":{},"s":{"0":2,"1":4,"2":4,"3":4,"4":4,"5":4,"6":1,"7":4,"8":6,"9":6,"10":2,"11":2,"12":2},"f":{"0":4,"1":4,"2":1,"3":6,"4":6,"5":2,"6":2},"b":{},"_coverageSchema":"1a1c01bbd47fc00a2c39e90264f33305004495a9","hash":"e412f0c8299078b1822b3b59e9bf930cde233a25"}
,"/Users/alvinlim/Desktop/RNTraining/BlogApp/src/Screen/ShowScreen.tsx": {"path":"/Users/alvinlim/Desktop/RNTraining/BlogApp/src/Screen/ShowScreen.tsx","statementMap":{"0":{"start":{"line":6,"column":19},"end":{"line":29,"column":1}},"1":{"start":{"line":8,"column":18},"end":{"line":8,"column":37}},"2":{"start":{"line":9,"column":19},"end":{"line":9,"column":74}},"3":{"start":{"line":9,"column":42},"end":{"line":9,"column":73}},"4":{"start":{"line":12,"column":2},"end":{"line":21,"column":9}},"5":{"start":{"line":13,"column":4},"end":{"line":20,"column":7}},"6":{"start":{"line":15,"column":8},"end":{"line":18,"column":27}},"7":{"start":{"line":16,"column":25},"end":{"line":16,"column":75}},"8":{"start":{"line":23,"column":2},"end":{"line":28,"column":4}},"9":{"start":{"line":31,"column":14},"end":{"line":45,"column":2}}},"fnMap":{"0":{"name":"(anonymous_0)","decl":{"start":{"line":6,"column":19},"end":{"line":6,"column":20}},"loc":{"start":{"line":6,"column":44},"end":{"line":29,"column":1}},"line":6},"1":{"name":"(anonymous_1)","decl":{"start":{"line":9,"column":30},"end":{"line":9,"column":31}},"loc":{"start":{"line":9,"column":42},"end":{"line":9,"column":73}},"line":9},"2":{"name":"(anonymous_2)","decl":{"start":{"line":12,"column":18},"end":{"line":12,"column":19}},"loc":{"start":{"line":12,"column":24},"end":{"line":21,"column":3}},"line":12},"3":{"name":"(anonymous_3)","decl":{"start":{"line":14,"column":19},"end":{"line":14,"column":20}},"loc":{"start":{"line":15,"column":8},"end":{"line":18,"column":27}},"line":15},"4":{"name":"(anonymous_4)","decl":{"start":{"line":16,"column":19},"end":{"line":16,"column":20}},"loc":{"start":{"line":16,"column":25},"end":{"line":16,"column":75}},"line":16}},"branchMap":{},"s":{"0":1,"1":0,"2":0,"3":0,"4":0,"5":0,"6":0,"7":0,"8":0,"9":1},"f":{"0":0,"1":0,"2":0,"3":0,"4":0},"b":{},"_coverageSchema":"1a1c01bbd47fc00a2c39e90264f33305004495a9","hash":"be94cc3323fbd4f9df1112a7daae2c0d5002ffee"}
,"/Users/alvinlim/Desktop/RNTraining/BlogApp/src/api/jsonServer.ts": {"path":"/Users/alvinlim/Desktop/RNTraining/BlogApp/src/api/jsonServer.ts","statementMap":{},"fnMap":{},"branchMap":{},"s":{},"f":{},"b":{},"_coverageSchema":"1a1c01bbd47fc00a2c39e90264f33305004495a9","hash":"4d180ee736c7c457aed81bd992163e6efbc7b523"}
,"/Users/alvinlim/Desktop/RNTraining/BlogApp/src/contexts/BlogContext.tsx": {"path":"/Users/alvinlim/Desktop/RNTraining/BlogApp/src/contexts/BlogContext.tsx","statementMap":{"0":{"start":{"line":4,"column":20},"end":{"line":17,"column":1}},"1":{"start":{"line":5,"column":2},"end":{"line":16,"column":3}},"2":{"start":{"line":7,"column":6},"end":{"line":7,"column":28}},"3":{"start":{"line":9,"column":6},"end":{"line":9,"column":70}},"4":{"start":{"line":9,"column":38},"end":{"line":9,"column":68}},"5":{"start":{"line":11,"column":6},"end":{"line":13,"column":9}},"6":{"start":{"line":12,"column":8},"end":{"line":12,"column":77}},"7":{"start":{"line":15,"column":6},"end":{"line":15,"column":19}},"8":{"start":{"line":19,"column":20},"end":{"line":25,"column":1}},"9":{"start":{"line":20,"column":2},"end":{"line":24,"column":4}},"10":{"start":{"line":21,"column":21},"end":{"line":21,"column":55}},"11":{"start":{"line":23,"column":4},"end":{"line":23,"column":62}},"12":{"start":{"line":27,"column":20},"end":{"line":35,"column":1}},"13":{"start":{"line":28,"column":2},"end":{"line":34,"column":4}},"14":{"start":{"line":29,"column":4},"end":{"line":29,"column":58}},"15":{"start":{"line":31,"column":4},"end":{"line":33,"column":5}},"16":{"start":{"line":32,"column":6},"end":{"line":32,"column":17}},"17":{"start":{"line":37,"column":23},"end":{"line":43,"column":1}},"18":{"start":{"line":38,"column":2},"end":{"line":42,"column":4}},"19":{"start":{"line":39,"column":4},"end":{"line":39,"column":48}},"20":{"start":{"line":41,"column":4},"end":{"line":41,"column":53}},"21":{"start":{"line":45,"column":21},"end":{"line":54,"column":1}},"22":{"start":{"line":46,"column":2},"end":{"line":53,"column":4}},"23":{"start":{"line":47,"column":4},"end":{"line":47,"column":63}},"24":{"start":{"line":49,"column":4},"end":{"line":49,"column":69}},"25":{"start":{"line":50,"column":4},"end":{"line":52,"column":5}},"26":{"start":{"line":51,"column":6},"end":{"line":51,"column":35}},"27":{"start":{"line":56,"column":35},"end":{"line":60,"column":1}}},"fnMap":{"0":{"name":"(anonymous_0)","decl":{"start":{"line":4,"column":20},"end":{"line":4,"column":21}},"loc":{"start":{"line":4,"column":39},"end":{"line":17,"column":1}},"line":4},"1":{"name":"(anonymous_1)","decl":{"start":{"line":9,"column":26},"end":{"line":9,"column":27}},"loc":{"start":{"line":9,"column":38},"end":{"line":9,"column":68}},"line":9},"2":{"name":"(anonymous_2)","decl":{"start":{"line":11,"column":23},"end":{"line":11,"column":24}},"loc":{"start":{"line":11,"column":35},"end":{"line":13,"column":7}},"line":11},"3":{"name":"(anonymous_3)","decl":{"start":{"line":19,"column":20},"end":{"line":19,"column":21}},"loc":{"start":{"line":19,"column":32},"end":{"line":25,"column":1}},"line":19},"4":{"name":"(anonymous_4)","decl":{"start":{"line":20,"column":9},"end":{"line":20,"column":10}},"loc":{"start":{"line":20,"column":21},"end":{"line":24,"column":3}},"line":20},"5":{"name":"(anonymous_5)","decl":{"start":{"line":27,"column":20},"end":{"line":27,"column":21}},"loc":{"start":{"line":27,"column":26},"end":{"line":35,"column":1}},"line":27},"6":{"name":"(anonymous_6)","decl":{"start":{"line":28,"column":9},"end":{"line":28,"column":10}},"loc":{"start":{"line":28,"column":45},"end":{"line":34,"column":3}},"line":28},"7":{"name":"(anonymous_7)","decl":{"start":{"line":37,"column":23},"end":{"line":37,"column":24}},"loc":{"start":{"line":37,"column":35},"end":{"line":43,"column":1}},"line":37},"8":{"name":"(anonymous_8)","decl":{"start":{"line":38,"column":9},"end":{"line":38,"column":10}},"loc":{"start":{"line":38,"column":28},"end":{"line":42,"column":3}},"line":38},"9":{"name":"(anonymous_9)","decl":{"start":{"line":45,"column":21},"end":{"line":45,"column":22}},"loc":{"start":{"line":45,"column":33},"end":{"line":54,"column":1}},"line":45},"10":{"name":"(anonymous_10)","decl":{"start":{"line":46,"column":9},"end":{"line":46,"column":10}},"loc":{"start":{"line":46,"column":49},"end":{"line":53,"column":3}},"line":46}},"branchMap":{"0":{"loc":{"start":{"line":5,"column":2},"end":{"line":16,"column":3}},"type":"switch","locations":[{"start":{"line":6,"column":4},"end":{"line":7,"column":28}},{"start":{"line":8,"column":4},"end":{"line":9,"column":70}},{"start":{"line":10,"column":4},"end":{"line":13,"column":9}},{"start":{"line":14,"column":4},"end":{"line":15,"column":19}}],"line":5},"1":{"loc":{"start":{"line":12,"column":15},"end":{"line":12,"column":76}},"type":"cond-expr","locations":[{"start":{"line":12,"column":51},"end":{"line":12,"column":65}},{"start":{"line":12,"column":68},"end":{"line":12,"column":76}}],"line":12},"2":{"loc":{"start":{"line":31,"column":4},"end":{"line":33,"column":5}},"type":"if","locations":[{"start":{"line":31,"column":4},"end":{"line":33,"column":5}},{"start":{},"end":{}}],"line":31},"3":{"loc":{"start":{"line":50,"column":4},"end":{"line":52,"column":5}},"type":"if","locations":[{"start":{"line":50,"column":4},"end":{"line":52,"column":5}},{"start":{},"end":{}}],"line":50}},"s":{"0":2,"1":0,"2":0,"3":0,"4":0,"5":0,"6":0,"7":0,"8":2,"9":1,"10":2,"11":0,"12":2,"13":1,"14":0,"15":0,"16":0,"17":2,"18":1,"19":0,"20":0,"21":2,"22":1,"23":0,"24":0,"25":0,"26":0,"27":2},"f":{"0":0,"1":0,"2":0,"3":1,"4":2,"5":1,"6":0,"7":1,"8":0,"9":1,"10":0},"b":{"0":[0,0,0,0],"1":[0,0],"2":[0,0],"3":[0,0]},"_coverageSchema":"1a1c01bbd47fc00a2c39e90264f33305004495a9","hash":"258ea22920e7e5d886b33f45b7f9543c36c5e551"}
,"/Users/alvinlim/Desktop/RNTraining/BlogApp/src/contexts/createDataContext.tsx": {"path":"/Users/alvinlim/Desktop/RNTraining/BlogApp/src/contexts/createDataContext.tsx","statementMap":{"0":{"start":{"line":4,"column":18},"end":{"line":4,"column":51}},"1":{"start":{"line":6,"column":19},"end":{"line":19,"column":3}},"2":{"start":{"line":7,"column":30},"end":{"line":7,"column":63}},"3":{"start":{"line":9,"column":25},"end":{"line":9,"column":27}},"4":{"start":{"line":10,"column":4},"end":{"line":12,"column":5}},"5":{"start":{"line":11,"column":6},"end":{"line":11,"column":49}},"6":{"start":{"line":14,"column":4},"end":{"line":18,"column":6}},"7":{"start":{"line":21,"column":2},"end":{"line":21,"column":29}}},"fnMap":{"0":{"name":"(anonymous_0)","decl":{"start":{"line":3,"column":15},"end":{"line":3,"column":16}},"loc":{"start":{"line":3,"column":51},"end":{"line":22,"column":1}},"line":3},"1":{"name":"(anonymous_1)","decl":{"start":{"line":6,"column":19},"end":{"line":6,"column":20}},"loc":{"start":{"line":6,"column":35},"end":{"line":19,"column":3}},"line":6}},"branchMap":{},"s":{"0":2,"1":2,"2":1,"3":1,"4":1,"5":4,"6":1,"7":2},"f":{"0":2,"1":1},"b":{},"_coverageSchema":"1a1c01bbd47fc00a2c39e90264f33305004495a9","hash":"1277421dc1a27215f366034a995f8a1f9c9f63d4"}
}
