TN:
SF:src/typeDefinition.ts
FNF:0
FNH:0
LF:0
LH:0
BRF:0
BRH:0
end_of_record
TN:
SF:src/Components/BlogPostForm.tsx
FN:4,(anonymous_0)
FN:18,(anonymous_1)
FN:25,(anonymous_2)
FN:31,(anonymous_3)
FNF:4
FNH:4
FNDA:4,(anonymous_0)
FNDA:1,(anonymous_1)
FNDA:1,(anonymous_2)
FNDA:1,(anonymous_3)
DA:4,2
DA:8,4
DA:9,4
DA:11,4
DA:18,1
DA:25,1
DA:31,1
DA:48,2
LF:8
LH:8
BRDA:6,0,0,4
BRF:1
BRH:1
end_of_record
TN:
SF:src/Screen/CreateScreen.tsx
FN:7,(anonymous_0)
FN:12,(anonymous_1)
FN:13,(anonymous_2)
FNF:3
FNH:0
FNDA:0,(anonymous_0)
FNDA:0,(anonymous_1)
FNDA:0,(anonymous_2)
DA:7,1
DA:8,0
DA:9,0
DA:10,0
DA:13,0
DA:23,1
LF:6
LH:2
BRF:0
BRH:0
end_of_record
TN:
SF:src/Screen/EditScreen.tsx
FN:6,(anonymous_0)
FN:9,(anonymous_1)
FN:19,(anonymous_2)
FN:20,(anonymous_3)
FNF:4
FNH:0
FNDA:0,(anonymous_0)
FNDA:0,(anonymous_1)
FNDA:0,(anonymous_2)
FNDA:0,(anonymous_3)
DA:6,1
DA:7,0
DA:8,0
DA:9,0
DA:13,0
DA:20,0
DA:26,1
LF:7
LH:2
BRF:0
BRH:0
end_of_record
TN:
SF:src/Screen/IndexScreen.tsx
FN:7,(anonymous_0)
FN:11,(anonymous_1)
FN:14,(anonymous_2)
FN:24,(anonymous_3)
FN:25,(anonymous_4)
FN:29,(anonymous_5)
FN:35,(anonymous_6)
FNF:7
FNH:7
FNDA:4,(anonymous_0)
FNDA:4,(anonymous_1)
FNDA:1,(anonymous_2)
FNDA:6,(anonymous_3)
FNDA:6,(anonymous_4)
FNDA:2,(anonymous_5)
FNDA:2,(anonymous_6)
DA:7,2
DA:8,4
DA:9,4
DA:11,4
DA:12,4
DA:14,4
DA:15,1
DA:19,4
DA:24,6
DA:26,6
DA:29,2
DA:35,2
DA:58,2
LF:13
LH:13
BRF:0
BRH:0
end_of_record
TN:
SF:src/Screen/ShowScreen.tsx
FN:6,(anonymous_0)
FN:9,(anonymous_1)
FN:12,(anonymous_2)
FN:14,(anonymous_3)
FN:16,(anonymous_4)
FNF:5
FNH:0
FNDA:0,(anonymous_0)
FNDA:0,(anonymous_1)
FNDA:0,(anonymous_2)
FNDA:0,(anonymous_3)
FNDA:0,(anonymous_4)
DA:6,1
DA:8,0
DA:9,0
DA:12,0
DA:13,0
DA:15,0
DA:16,0
DA:23,0
DA:31,1
LF:9
LH:2
BRF:0
BRH:0
end_of_record
TN:
SF:src/api/jsonServer.ts
FNF:0
FNH:0
LF:0
LH:0
BRF:0
BRH:0
end_of_record
TN:
SF:src/contexts/BlogContext.tsx
FN:4,(anonymous_0)
FN:9,(anonymous_1)
FN:11,(anonymous_2)
FN:19,(anonymous_3)
FN:20,(anonymous_4)
FN:27,(anonymous_5)
FN:28,(anonymous_6)
FN:37,(anonymous_7)
FN:38,(anonymous_8)
FN:45,(anonymous_9)
FN:46,(anonymous_10)
FNF:11
FNH:5
FNDA:0,(anonymous_0)
FNDA:0,(anonymous_1)
FNDA:0,(anonymous_2)
FNDA:1,(anonymous_3)
FNDA:2,(anonymous_4)
FNDA:1,(anonymous_5)
FNDA:0,(anonymous_6)
FNDA:1,(anonymous_7)
FNDA:0,(anonymous_8)
FNDA:1,(anonymous_9)
FNDA:0,(anonymous_10)
DA:4,2
DA:5,0
DA:7,0
DA:9,0
DA:11,0
DA:12,0
DA:15,0
DA:19,2
DA:20,1
DA:21,2
DA:23,0
DA:27,2
DA:28,1
DA:29,0
DA:31,0
DA:32,0
DA:37,2
DA:38,1
DA:39,0
DA:41,0
DA:45,2
DA:46,1
DA:47,0
DA:49,0
DA:50,0
DA:51,0
DA:56,2
LF:27
LH:11
BRDA:5,0,0,0
BRDA:5,0,1,0
BRDA:5,0,2,0
BRDA:5,0,3,0
BRDA:12,1,0,0
BRDA:12,1,1,0
BRDA:31,2,0,0
BRDA:31,2,1,0
BRDA:50,3,0,0
BRDA:50,3,1,0
BRF:10
BRH:0
end_of_record
TN:
SF:src/contexts/createDataContext.tsx
FN:3,(anonymous_0)
FN:6,(anonymous_1)
FNF:2
FNH:2
FNDA:2,(anonymous_0)
FNDA:1,(anonymous_1)
DA:4,2
DA:6,2
DA:7,1
DA:9,1
DA:10,1
DA:11,4
DA:14,1
DA:21,2
LF:8
LH:8
BRF:0
BRH:0
end_of_record
